C:\Users\aryac\Documents\ASPNETMaker\WebSites\PointOfSales\Controllers\ComCustomerController.cs
C:\Users\aryac\Documents\ASPNETMaker\WebSites\PointOfSales\Controllers\SoItemController.cs
C:\Users\aryac\Documents\ASPNETMaker\WebSites\PointOfSales\Controllers\SoOrderController.cs
C:\Users\aryac\Documents\ASPNETMaker\WebSites\PointOfSales\Controllers\apicontroller.cs
C:\Users\aryac\Documents\ASPNETMaker\WebSites\PointOfSales\Controllers\ewcontroller.cs
C:\Users\aryac\Documents\ASPNETMaker\WebSites\PointOfSales\Models\ComCustomer.cs
C:\Users\aryac\Documents\ASPNETMaker\WebSites\PointOfSales\Models\ComCustomerAdd.cs
C:\Users\aryac\Documents\ASPNETMaker\WebSites\PointOfSales\Models\ComCustomerDelete.cs
C:\Users\aryac\Documents\ASPNETMaker\WebSites\PointOfSales\Models\ComCustomerEdit.cs
C:\Users\aryac\Documents\ASPNETMaker\WebSites\PointOfSales\Models\ComCustomerList.cs
C:\Users\aryac\Documents\ASPNETMaker\WebSites\PointOfSales\Models\ComCustomerView.cs
C:\Users\aryac\Documents\ASPNETMaker\WebSites\PointOfSales\Models\Config.cs
C:\Users\aryac\Documents\ASPNETMaker\WebSites\PointOfSales\Models\Error.cs
C:\Users\aryac\Documents\ASPNETMaker\WebSites\PointOfSales\Models\GlobalUsings.cs
C:\Users\aryac\Documents\ASPNETMaker\WebSites\PointOfSales\Models\SoItem.cs
C:\Users\aryac\Documents\ASPNETMaker\WebSites\PointOfSales\Models\SoItemAdd.cs
C:\Users\aryac\Documents\ASPNETMaker\WebSites\PointOfSales\Models\SoItemDelete.cs
C:\Users\aryac\Documents\ASPNETMaker\WebSites\PointOfSales\Models\SoItemEdit.cs
C:\Users\aryac\Documents\ASPNETMaker\WebSites\PointOfSales\Models\SoItemList.cs
C:\Users\aryac\Documents\ASPNETMaker\WebSites\PointOfSales\Models\SoItemView.cs
C:\Users\aryac\Documents\ASPNETMaker\WebSites\PointOfSales\Models\SoOrder.cs
C:\Users\aryac\Documents\ASPNETMaker\WebSites\PointOfSales\Models\SoOrderAdd.cs
C:\Users\aryac\Documents\ASPNETMaker\WebSites\PointOfSales\Models\SoOrderDelete.cs
C:\Users\aryac\Documents\ASPNETMaker\WebSites\PointOfSales\Models\SoOrderEdit.cs
C:\Users\aryac\Documents\ASPNETMaker\WebSites\PointOfSales\Models\SoOrderList.cs
C:\Users\aryac\Documents\ASPNETMaker\WebSites\PointOfSales\Models\SoOrderView.cs
C:\Users\aryac\Documents\ASPNETMaker\WebSites\PointOfSales\Models\aspnetfn.cs
C:\Users\aryac\Documents\ASPNETMaker\WebSites\PointOfSales\Models\index.cs
C:\Users\aryac\Documents\ASPNETMaker\WebSites\PointOfSales\Models\src\AbstractExport.cs
C:\Users\aryac\Documents\ASPNETMaker\WebSites\PointOfSales\Models\src\AbstractExportBase.cs
C:\Users\aryac\Documents\ASPNETMaker\WebSites\PointOfSales\Models\src\AbstractTwoFactorAuthentication.cs
C:\Users\aryac\Documents\ASPNETMaker\WebSites\PointOfSales\Models\src\AdvancedFilter.cs
C:\Users\aryac\Documents\ASPNETMaker\WebSites\PointOfSales\Models\src\AdvancedSearch.cs
C:\Users\aryac\Documents\ASPNETMaker\WebSites\PointOfSales\Models\src\AdvancedSecurity.cs
C:\Users\aryac\Documents\ASPNETMaker\WebSites\PointOfSales\Models\src\AdvancedSecurityBase.cs
C:\Users\aryac\Documents\ASPNETMaker\WebSites\PointOfSales\Models\src\Aes.cs
C:\Users\aryac\Documents\ASPNETMaker\WebSites\PointOfSales\Models\src\ApplicationRole.cs
C:\Users\aryac\Documents\ASPNETMaker\WebSites\PointOfSales\Models\src\ApplicationUser.cs
C:\Users\aryac\Documents\ASPNETMaker\WebSites\PointOfSales\Models\src\AspNetMakerPage.cs
C:\Users\aryac\Documents\ASPNETMaker\WebSites\PointOfSales\Models\src\Attributes.cs
C:\Users\aryac\Documents\ASPNETMaker\WebSites\PointOfSales\Models\src\AuthenticationProvider.cs
C:\Users\aryac\Documents\ASPNETMaker\WebSites\PointOfSales\Models\src\AutofacModule.cs
C:\Users\aryac\Documents\ASPNETMaker\WebSites\PointOfSales\Models\src\AzureEmail.cs
C:\Users\aryac\Documents\ASPNETMaker\WebSites\PointOfSales\Models\src\BasicSearch.cs
C:\Users\aryac\Documents\ASPNETMaker\WebSites\PointOfSales\Models\src\BitBool.cs
C:\Users\aryac\Documents\ASPNETMaker\WebSites\PointOfSales\Models\src\Breadcrumb.cs
C:\Users\aryac\Documents\ASPNETMaker\WebSites\PointOfSales\Models\src\BreadcrumbLink.cs
C:\Users\aryac\Documents\ASPNETMaker\WebSites\PointOfSales\Models\src\CaptchaBase.cs
C:\Users\aryac\Documents\ASPNETMaker\WebSites\PointOfSales\Models\src\ChartDataComparer.cs
C:\Users\aryac\Documents\ASPNETMaker\WebSites\PointOfSales\Models\src\ChartExporter.cs
C:\Users\aryac\Documents\ASPNETMaker\WebSites\PointOfSales\Models\src\ChartJsRenderer.cs
C:\Users\aryac\Documents\ASPNETMaker\WebSites\PointOfSales\Models\src\ChartParameter.cs
C:\Users\aryac\Documents\ASPNETMaker\WebSites\PointOfSales\Models\src\ChartTypes.cs
C:\Users\aryac\Documents\ASPNETMaker\WebSites\PointOfSales\Models\src\CitextString.cs
C:\Users\aryac\Documents\ASPNETMaker\WebSites\PointOfSales\Models\src\CrosstabColumn.cs
C:\Users\aryac\Documents\ASPNETMaker\WebSites\PointOfSales\Models\src\CrosstabTable.cs
C:\Users\aryac\Documents\ASPNETMaker\WebSites\PointOfSales\Models\src\CssParser.cs
C:\Users\aryac\Documents\ASPNETMaker\WebSites\PointOfSales\Models\src\CustomMySqlCompiler.cs
C:\Users\aryac\Documents\ASPNETMaker\WebSites\PointOfSales\Models\src\CustomOracleCompiler.cs
C:\Users\aryac\Documents\ASPNETMaker\WebSites\PointOfSales\Models\src\CustomPostgresCompiler.cs
C:\Users\aryac\Documents\ASPNETMaker\WebSites\PointOfSales\Models\src\CustomQueryParameters.cs
C:\Users\aryac\Documents\ASPNETMaker\WebSites\PointOfSales\Models\src\CustomRoleStore.cs
C:\Users\aryac\Documents\ASPNETMaker\WebSites\PointOfSales\Models\src\CustomSqlServerCompiler.cs
C:\Users\aryac\Documents\ASPNETMaker\WebSites\PointOfSales\Models\src\CustomSqliteCompiler.cs
C:\Users\aryac\Documents\ASPNETMaker\WebSites\PointOfSales\Models\src\CustomTypeMappers.cs
C:\Users\aryac\Documents\ASPNETMaker\WebSites\PointOfSales\Models\src\CustomUserStore.cs
C:\Users\aryac\Documents\ASPNETMaker\WebSites\PointOfSales\Models\src\DatabaseConnection.cs
C:\Users\aryac\Documents\ASPNETMaker\WebSites\PointOfSales\Models\src\DateTimeExtension.cs
C:\Users\aryac\Documents\ASPNETMaker\WebSites\PointOfSales\Models\src\DbChart.cs
C:\Users\aryac\Documents\ASPNETMaker\WebSites\PointOfSales\Models\src\DbField.cs
C:\Users\aryac\Documents\ASPNETMaker\WebSites\PointOfSales\Models\src\DbFieldOfT.cs
C:\Users\aryac\Documents\ASPNETMaker\WebSites\PointOfSales\Models\src\DbTable.cs
C:\Users\aryac\Documents\ASPNETMaker\WebSites\PointOfSales\Models\src\DbTableBase.cs
C:\Users\aryac\Documents\ASPNETMaker\WebSites\PointOfSales\Models\src\DotAccessData.cs
C:\Users\aryac\Documents\ASPNETMaker\WebSites\PointOfSales\Models\src\Email.cs
C:\Users\aryac\Documents\ASPNETMaker\WebSites\PointOfSales\Models\src\EmailBase.cs
C:\Users\aryac\Documents\ASPNETMaker\WebSites\PointOfSales\Models\src\Entity\ComCustomer.cs
C:\Users\aryac\Documents\ASPNETMaker\WebSites\PointOfSales\Models\src\Entity\SoItem.cs
C:\Users\aryac\Documents\ASPNETMaker\WebSites\PointOfSales\Models\src\Entity\SoOrder.cs
C:\Users\aryac\Documents\ASPNETMaker\WebSites\PointOfSales\Models\src\Enums.cs
C:\Users\aryac\Documents\ASPNETMaker\WebSites\PointOfSales\Models\src\EventHandlers.cs
C:\Users\aryac\Documents\ASPNETMaker\WebSites\PointOfSales\Models\src\ExcelConfig.cs
C:\Users\aryac\Documents\ASPNETMaker\WebSites\PointOfSales\Models\src\ExportCsv.cs
C:\Users\aryac\Documents\ASPNETMaker\WebSites\PointOfSales\Models\src\ExportEmail.cs
C:\Users\aryac\Documents\ASPNETMaker\WebSites\PointOfSales\Models\src\ExportExcel.cs
C:\Users\aryac\Documents\ASPNETMaker\WebSites\PointOfSales\Models\src\ExportHandler.cs
C:\Users\aryac\Documents\ASPNETMaker\WebSites\PointOfSales\Models\src\ExportHtml.cs
C:\Users\aryac\Documents\ASPNETMaker\WebSites\PointOfSales\Models\src\ExportJson.cs
C:\Users\aryac\Documents\ASPNETMaker\WebSites\PointOfSales\Models\src\ExportPdf.cs
C:\Users\aryac\Documents\ASPNETMaker\WebSites\PointOfSales\Models\src\ExportWord.cs
C:\Users\aryac\Documents\ASPNETMaker\WebSites\PointOfSales\Models\src\ExportXml.cs
C:\Users\aryac\Documents\ASPNETMaker\WebSites\PointOfSales\Models\src\FileViewer.cs
C:\Users\aryac\Documents\ASPNETMaker\WebSites\PointOfSales\Models\src\ForceLogoutUserAction.cs
C:\Users\aryac\Documents\ASPNETMaker\WebSites\PointOfSales\Models\src\GeometryTypeMapper.cs
C:\Users\aryac\Documents\ASPNETMaker\WebSites\PointOfSales\Models\src\HtmlToText.cs
C:\Users\aryac\Documents\ASPNETMaker\WebSites\PointOfSales\Models\src\HttpCookies.cs
C:\Users\aryac\Documents\ASPNETMaker\WebSites\PointOfSales\Models\src\HttpDataDictionary.cs
C:\Users\aryac\Documents\ASPNETMaker\WebSites\PointOfSales\Models\src\HttpForm.cs
C:\Users\aryac\Documents\ASPNETMaker\WebSites\PointOfSales\Models\src\HttpSession.cs
C:\Users\aryac\Documents\ASPNETMaker\WebSites\PointOfSales\Models\src\HttpUpload.cs
C:\Users\aryac\Documents\ASPNETMaker\WebSites\PointOfSales\Models\src\IAspNetMakerPage.cs
C:\Users\aryac\Documents\ASPNETMaker\WebSites\PointOfSales\Models\src\ICaptcha.cs
C:\Users\aryac\Documents\ASPNETMaker\WebSites\PointOfSales\Models\src\IChartRenderer.cs
C:\Users\aryac\Documents\ASPNETMaker\WebSites\PointOfSales\Models\src\ICustomCompiler.cs
C:\Users\aryac\Documents\ASPNETMaker\WebSites\PointOfSales\Models\src\IDatabaseConnection.cs
C:\Users\aryac\Documents\ASPNETMaker\WebSites\PointOfSales\Models\src\IHtmlValue.cs
C:\Users\aryac\Documents\ASPNETMaker\WebSites\PointOfSales\Models\src\IQueryFactory.cs
C:\Users\aryac\Documents\ASPNETMaker\WebSites\PointOfSales\Models\src\ITwoFactorAuthentication.cs
C:\Users\aryac\Documents\ASPNETMaker\WebSites\PointOfSales\Models\src\InsertGetId.cs
C:\Users\aryac\Documents\ASPNETMaker\WebSites\PointOfSales\Models\src\JsonBoolResult.cs
C:\Users\aryac\Documents\ASPNETMaker\WebSites\PointOfSales\Models\src\JsonString.cs
C:\Users\aryac\Documents\ASPNETMaker\WebSites\PointOfSales\Models\src\Lang.cs
C:\Users\aryac\Documents\ASPNETMaker\WebSites\PointOfSales\Models\src\ListAction.cs
C:\Users\aryac\Documents\ASPNETMaker\WebSites\PointOfSales\Models\src\ListActions.cs
C:\Users\aryac\Documents\ASPNETMaker\WebSites\PointOfSales\Models\src\ListOption.cs
C:\Users\aryac\Documents\ASPNETMaker\WebSites\PointOfSales\Models\src\ListOptions.cs
C:\Users\aryac\Documents\ASPNETMaker\WebSites\PointOfSales\Models\src\ListOptionsDictionary.cs
C:\Users\aryac\Documents\ASPNETMaker\WebSites\PointOfSales\Models\src\LoginModel.cs
C:\Users\aryac\Documents\ASPNETMaker\WebSites\PointOfSales\Models\src\Lookup.cs
C:\Users\aryac\Documents\ASPNETMaker\WebSites\PointOfSales\Models\src\MaintenanceMiddleware.cs
C:\Users\aryac\Documents\ASPNETMaker\WebSites\PointOfSales\Models\src\MaintenanceWindowExtensions.cs
C:\Users\aryac\Documents\ASPNETMaker\WebSites\PointOfSales\Models\src\Menu.cs
C:\Users\aryac\Documents\ASPNETMaker\WebSites\PointOfSales\Models\src\MenuItem.cs
C:\Users\aryac\Documents\ASPNETMaker\WebSites\PointOfSales\Models\src\MobileDetect.cs
C:\Users\aryac\Documents\ASPNETMaker\WebSites\PointOfSales\Models\src\NumericPager.cs
C:\Users\aryac\Documents\ASPNETMaker\WebSites\PointOfSales\Models\src\OptionValues.cs
C:\Users\aryac\Documents\ASPNETMaker\WebSites\PointOfSales\Models\src\Pager.cs
C:\Users\aryac\Documents\ASPNETMaker\WebSites\PointOfSales\Models\src\PagerItem.cs
C:\Users\aryac\Documents\ASPNETMaker\WebSites\PointOfSales\Models\src\PdfConfig.cs
C:\Users\aryac\Documents\ASPNETMaker\WebSites\PointOfSales\Models\src\PermissionHandler.cs
C:\Users\aryac\Documents\ASPNETMaker\WebSites\PointOfSales\Models\src\PermissionRequirement.cs
C:\Users\aryac\Documents\ASPNETMaker\WebSites\PointOfSales\Models\src\PrevNextPager.cs
C:\Users\aryac\Documents\ASPNETMaker\WebSites\PointOfSales\Models\src\RegisterItem.cs
C:\Users\aryac\Documents\ASPNETMaker\WebSites\PointOfSales\Models\src\ReportField.cs
C:\Users\aryac\Documents\ASPNETMaker\WebSites\PointOfSales\Models\src\ReportFieldOfT.cs
C:\Users\aryac\Documents\ASPNETMaker\WebSites\PointOfSales\Models\src\ReportTable.cs
C:\Users\aryac\Documents\ASPNETMaker\WebSites\PointOfSales\Models\src\ResendRegisterEmailAction.cs
C:\Users\aryac\Documents\ASPNETMaker\WebSites\PointOfSales\Models\src\ResetConcurrentUserAction.cs
C:\Users\aryac\Documents\ASPNETMaker\WebSites\PointOfSales\Models\src\ResetLoginRetryAction.cs
C:\Users\aryac\Documents\ASPNETMaker\WebSites\PointOfSales\Models\src\ResetUserSecretAction.cs
C:\Users\aryac\Documents\ASPNETMaker\WebSites\PointOfSales\Models\src\SessionHandler.cs
C:\Users\aryac\Documents\ASPNETMaker\WebSites\PointOfSales\Models\src\SetPasswordExpiredAction.cs
C:\Users\aryac\Documents\ASPNETMaker\WebSites\PointOfSales\Models\src\Sms.cs
C:\Users\aryac\Documents\ASPNETMaker\WebSites\PointOfSales\Models\src\StringExtension.cs
C:\Users\aryac\Documents\ASPNETMaker\WebSites\PointOfSales\Models\src\SubPage.cs
C:\Users\aryac\Documents\ASPNETMaker\WebSites\PointOfSales\Models\src\SubPages.cs
C:\Users\aryac\Documents\ASPNETMaker\WebSites\PointOfSales\Models\src\SummaryField.cs
C:\Users\aryac\Documents\ASPNETMaker\WebSites\PointOfSales\Models\src\UploadHandler.cs
C:\Users\aryac\Documents\ASPNETMaker\WebSites\PointOfSales\Models\src\UserLevel.cs
C:\Users\aryac\Documents\ASPNETMaker\WebSites\PointOfSales\Models\src\UserLevelPermission.cs
C:\Users\aryac\Documents\ASPNETMaker\WebSites\PointOfSales\Models\src\UserLevelTablePermission.cs
C:\Users\aryac\Documents\ASPNETMaker\WebSites\PointOfSales\Models\src\UserProfile.cs
C:\Users\aryac\Documents\ASPNETMaker\WebSites\PointOfSales\Models\src\WordConfig.cs
C:\Users\aryac\Documents\ASPNETMaker\WebSites\PointOfSales\Models\src\XmlDoc.cs
C:\Users\aryac\Documents\ASPNETMaker\WebSites\PointOfSales\Models\src\XmlString.cs
C:\Users\aryac\Documents\ASPNETMaker\WebSites\PointOfSales\Models\userfn.cs
C:\Users\aryac\Documents\ASPNETMaker\WebSites\PointOfSales\Models\userlevelsettings.cs
C:\Users\aryac\Documents\ASPNETMaker\WebSites\PointOfSales\PointofSales.csproj
C:\Users\aryac\Documents\ASPNETMaker\WebSites\PointOfSales\Program.cs
C:\Users\aryac\Documents\ASPNETMaker\WebSites\PointOfSales\Properties\launchSettings.json
C:\Users\aryac\Documents\ASPNETMaker\WebSites\PointOfSales\Views\Home\ComCustomerAdd.cshtml
C:\Users\aryac\Documents\ASPNETMaker\WebSites\PointOfSales\Views\Home\ComCustomerDelete.cshtml
C:\Users\aryac\Documents\ASPNETMaker\WebSites\PointOfSales\Views\Home\ComCustomerEdit.cshtml
C:\Users\aryac\Documents\ASPNETMaker\WebSites\PointOfSales\Views\Home\ComCustomerList.cshtml
C:\Users\aryac\Documents\ASPNETMaker\WebSites\PointOfSales\Views\Home\ComCustomerView.cshtml
C:\Users\aryac\Documents\ASPNETMaker\WebSites\PointOfSales\Views\Home\SoItemAdd.cshtml
C:\Users\aryac\Documents\ASPNETMaker\WebSites\PointOfSales\Views\Home\SoItemDelete.cshtml
C:\Users\aryac\Documents\ASPNETMaker\WebSites\PointOfSales\Views\Home\SoItemEdit.cshtml
C:\Users\aryac\Documents\ASPNETMaker\WebSites\PointOfSales\Views\Home\SoItemList.cshtml
C:\Users\aryac\Documents\ASPNETMaker\WebSites\PointOfSales\Views\Home\SoItemView.cshtml
C:\Users\aryac\Documents\ASPNETMaker\WebSites\PointOfSales\Views\Home\SoOrderAdd.cshtml
C:\Users\aryac\Documents\ASPNETMaker\WebSites\PointOfSales\Views\Home\SoOrderDelete.cshtml
C:\Users\aryac\Documents\ASPNETMaker\WebSites\PointOfSales\Views\Home\SoOrderEdit.cshtml
C:\Users\aryac\Documents\ASPNETMaker\WebSites\PointOfSales\Views\Home\SoOrderList.cshtml
C:\Users\aryac\Documents\ASPNETMaker\WebSites\PointOfSales\Views\Home\SoOrderView.cshtml
C:\Users\aryac\Documents\ASPNETMaker\WebSites\PointOfSales\Views\Home\Swagger.cshtml
C:\Users\aryac\Documents\ASPNETMaker\WebSites\PointOfSales\Views\Home\index.cshtml
C:\Users\aryac\Documents\ASPNETMaker\WebSites\PointOfSales\Views\Shared\Error.cshtml
C:\Users\aryac\Documents\ASPNETMaker\WebSites\PointOfSales\Views\Shared\_Layout.cshtml
C:\Users\aryac\Documents\ASPNETMaker\WebSites\PointOfSales\Views\Shared\email.cshtml
C:\Users\aryac\Documents\ASPNETMaker\WebSites\PointOfSales\Views\Shared\menu.cshtml
C:\Users\aryac\Documents\ASPNETMaker\WebSites\PointOfSales\Views\_ViewImports.cshtml
C:\Users\aryac\Documents\ASPNETMaker\WebSites\PointOfSales\Views\_ViewStart.cshtml
C:\Users\aryac\Documents\ASPNETMaker\WebSites\PointOfSales\appsettings.Development.json
C:\Users\aryac\Documents\ASPNETMaker\WebSites\PointOfSales\appsettings.json
C:\Users\aryac\Documents\ASPNETMaker\WebSites\PointOfSales\web.config
C:\Users\aryac\Documents\ASPNETMaker\WebSites\PointOfSales\wwwroot\css\PointofSales.scss
C:\Users\aryac\Documents\ASPNETMaker\WebSites\PointOfSales\wwwroot\css\query-builder.scss
C:\Users\aryac\Documents\ASPNETMaker\WebSites\PointOfSales\wwwroot\css\tabulator_bootstrap5.scss
C:\Users\aryac\Documents\ASPNETMaker\WebSites\PointOfSales\wwwroot\css\tempus-dominus.scss
C:\Users\aryac\Documents\ASPNETMaker\WebSites\PointOfSales\wwwroot\js\userevent.js
C:\Users\aryac\Documents\ASPNETMaker\WebSites\PointOfSales\wwwroot\js\userfn.js
C:\Users\aryac\Documents\ASPNETMaker\WebSites\PointOfSales\wwwroot\package.json
C:\Users\aryac\Documents\ASPNETMaker\WebSites\PointOfSales\wwwroot\swagger\index.html