2024-09-28T12:09:23.2352969+07:00  [DBG] Hosting starting (32b26330)
2024-09-28T12:09:23.7465254+07:00  [INF] Application started. Press Ctrl+C to shut down. (dcaefe54)
2024-09-28T12:09:23.7742639+07:00  [INF] Hosting environment: "Development" (bc5a1a4e)
2024-09-28T12:09:23.7863711+07:00  [INF] Content root path: "C:\Users\aryac\Documents\ASPNETMaker\WebSites\PointOfSales" (cc26f24e)
2024-09-28T12:09:23.8029449+07:00  [DBG] Hosting started (e6def423)
2024-09-28T12:09:24.8645741+07:00 80000003-0000-fe00-b63f-84710c7967bb [INF] Checking for conditional GET/HEAD. (7e2efcb6)
2024-09-28T12:09:24.8709985+07:00 80000003-0000-fe00-b63f-84710c7967bb [INF] Not valid - no If-None-Match or If-Modified-Since headers. (00e43d04)
2024-09-28T12:09:24.8741662+07:00 80000003-0000-fe00-b63f-84710c7967bb [INF] Don't generate 304 - Not Modified.  Continue. (b6a7d473)
2024-09-28T12:09:24.8810362+07:00 80000003-0000-fe00-b63f-84710c7967bb [INF] Checking for conditional PUT/PATCH. (bf3cf9be)
2024-09-28T12:09:24.8843955+07:00 80000003-0000-fe00-b63f-84710c7967bb [INF] Not valid - method isn't PUT or PATCH. (671cb4f2)
2024-09-28T12:09:24.8882261+07:00 80000003-0000-fe00-b63f-84710c7967bb [INF] Don't generate 412 - Precondition Failed.  Continue. (08bc4a18)
2024-09-28T12:09:25.7640164+07:00 80000003-0000-fe00-b63f-84710c7967bb [INF] Generating expiration headers. (97875003)
2024-09-28T12:09:25.7699330+07:00 80000003-0000-fe00-b63f-84710c7967bb [INF] Expiration headers generated. Expires: Sat, 28 Sep 2024 05:09:25 GMT. Cache-Control: private,max-age=0,no-store,no-cache,must-revalidate. (c38cacf9)
2024-09-28T12:09:25.7784243+07:00 80000003-0000-fe00-b63f-84710c7967bb [INF] Not generating Validation headers as the response status code does not indicate success. (2130aaa7)
2024-09-28T12:09:25.7816353+07:00 80000003-0000-fe00-b63f-84710c7967bb [INF] Generating Vary header. (c1174e38)
2024-09-28T12:09:25.7854207+07:00 80000003-0000-fe00-b63f-84710c7967bb [INF] Vary header generated: Accept, Accept-Language, Accept-Encoding. (e081213a)
2024-09-28T12:09:25.8303774+07:00 80000002-0001-f500-b63f-84710c7967bb [INF] Checking for conditional GET/HEAD. (7e2efcb6)
2024-09-28T12:09:25.8350945+07:00 80000002-0001-f500-b63f-84710c7967bb [INF] Not valid - no If-None-Match or If-Modified-Since headers. (00e43d04)
2024-09-28T12:09:25.8411100+07:00 80000002-0001-f500-b63f-84710c7967bb [INF] Don't generate 304 - Not Modified.  Continue. (b6a7d473)
2024-09-28T12:09:25.8535813+07:00 80000002-0001-f500-b63f-84710c7967bb [INF] Checking for conditional PUT/PATCH. (bf3cf9be)
2024-09-28T12:09:25.8617393+07:00 80000002-0001-f500-b63f-84710c7967bb [INF] Not valid - method isn't PUT or PATCH. (671cb4f2)
2024-09-28T12:09:25.8716049+07:00 80000002-0001-f500-b63f-84710c7967bb [INF] Don't generate 412 - Precondition Failed.  Continue. (08bc4a18)
2024-09-28T12:09:49.9242152+07:00 80000002-0001-f500-b63f-84710c7967bb [INF] Generating expiration headers. (97875003)
2024-09-28T12:09:49.9273594+07:00 80000002-0001-f500-b63f-84710c7967bb [INF] Expiration headers generated. Expires: Sat, 28 Sep 2024 05:09:49 GMT. Cache-Control: private,max-age=0,no-store,no-cache,must-revalidate. (8fde904d)
2024-09-28T12:09:49.9301303+07:00 80000002-0001-f500-b63f-84710c7967bb [INF] Generating Validation headers. (20c08f55)
2024-09-28T12:09:49.9644906+07:00 80000002-0001-f500-b63f-84710c7967bb [INF] Validation headers generated. ETag: Strong, "FE94797580E9223A5265F2329EA46A5F". Last-Modified: Sat, 28 Sep 2024 05:09:49 GMT (2e504cbc)
2024-09-28T12:09:49.9674542+07:00 80000002-0001-f500-b63f-84710c7967bb [INF] Generating Vary header. (c1174e38)
2024-09-28T12:09:49.9705914+07:00 80000002-0001-f500-b63f-84710c7967bb [INF] Vary header generated: Accept, Accept-Language, Accept-Encoding. (e081213a)
2024-09-28T12:09:55.0703082+07:00 8000000f-0001-f500-b63f-84710c7967bb [INF] Checking for conditional GET/HEAD. (7e2efcb6)
2024-09-28T12:09:55.0771521+07:00 8000000f-0001-f500-b63f-84710c7967bb [INF] Not valid - no If-None-Match or If-Modified-Since headers. (00e43d04)
2024-09-28T12:09:55.0809568+07:00 8000000f-0001-f500-b63f-84710c7967bb [INF] Don't generate 304 - Not Modified.  Continue. (b6a7d473)
2024-09-28T12:09:55.0856095+07:00 8000000f-0001-f500-b63f-84710c7967bb [INF] Checking for conditional PUT/PATCH. (bf3cf9be)
2024-09-28T12:09:55.0933117+07:00 8000000f-0001-f500-b63f-84710c7967bb [INF] Not valid - method isn't PUT or PATCH. (671cb4f2)
2024-09-28T12:09:55.0972128+07:00 8000000f-0001-f500-b63f-84710c7967bb [INF] Don't generate 412 - Precondition Failed.  Continue. (08bc4a18)
2024-09-28T12:09:56.7799024+07:00 8000000f-0001-f500-b63f-84710c7967bb [INF] Generating expiration headers. (97875003)
2024-09-28T12:09:56.7837656+07:00 8000000f-0001-f500-b63f-84710c7967bb [INF] Expiration headers generated. Expires: Sat, 28 Sep 2024 05:09:56 GMT. Cache-Control: private,max-age=0,no-store,no-cache,must-revalidate. (87c82e0f)
2024-09-28T12:09:56.7920645+07:00 8000000f-0001-f500-b63f-84710c7967bb [INF] Generating Validation headers. (20c08f55)
2024-09-28T12:09:56.8002677+07:00 8000000f-0001-f500-b63f-84710c7967bb [INF] Validation headers generated. ETag: Strong, "DBDD81924EE17B896AC460FFE59E4F80". Last-Modified: Sat, 28 Sep 2024 05:09:56 GMT (65383f63)
2024-09-28T12:09:56.8069931+07:00 8000000f-0001-f500-b63f-84710c7967bb [INF] Generating Vary header. (c1174e38)
2024-09-28T12:09:56.8102282+07:00 8000000f-0001-f500-b63f-84710c7967bb [INF] Vary header generated: Accept, Accept-Language, Accept-Encoding. (e081213a)
2024-09-28T12:10:00.4137664+07:00 80000009-0000-f900-b63f-84710c7967bb [INF] Checking for conditional GET/HEAD. (7e2efcb6)
2024-09-28T12:10:00.4170784+07:00 80000009-0000-f900-b63f-84710c7967bb [INF] Not valid - method isn't GET or HEAD. (0be1d475)
2024-09-28T12:10:00.4217924+07:00 80000009-0000-f900-b63f-84710c7967bb [INF] Don't generate 304 - Not Modified.  Continue. (b6a7d473)
2024-09-28T12:10:00.4254110+07:00 80000009-0000-f900-b63f-84710c7967bb [INF] Checking for conditional PUT/PATCH. (bf3cf9be)
2024-09-28T12:10:00.4287213+07:00 80000009-0000-f900-b63f-84710c7967bb [INF] Not valid - method isn't PUT or PATCH. (671cb4f2)
2024-09-28T12:10:00.4323884+07:00 80000009-0000-f900-b63f-84710c7967bb [INF] Don't generate 412 - Precondition Failed.  Continue. (08bc4a18)
2024-09-28T12:10:00.6820876+07:00 80000009-0000-f900-b63f-84710c7967bb [DBG] INSERT INTO `com_customer` (`CUSTOMER_NAME`) VALUES ('Arya');SELECT last_insert_id() as `Id` (205bf2cc)
2024-09-28T12:10:00.8790828+07:00 80000009-0000-f900-b63f-84710c7967bb [INF] Generating expiration headers. (97875003)
2024-09-28T12:10:00.8826478+07:00 80000009-0000-f900-b63f-84710c7967bb [INF] Expiration headers generated. Expires: Sat, 28 Sep 2024 05:10:00 GMT. Cache-Control: private,max-age=0,no-store,no-cache,must-revalidate. (4f429d3c)
2024-09-28T12:10:00.8851850+07:00 80000009-0000-f900-b63f-84710c7967bb [INF] Not generating Validation headers as the response status code does not indicate success. (2130aaa7)
2024-09-28T12:10:00.8901728+07:00 80000009-0000-f900-b63f-84710c7967bb [INF] Generating Vary header. (c1174e38)
2024-09-28T12:10:00.8930743+07:00 80000009-0000-f900-b63f-84710c7967bb [INF] Vary header generated: Accept, Accept-Language, Accept-Encoding. (e081213a)
2024-09-28T12:10:00.9073784+07:00 8000000a-0000-f900-b63f-84710c7967bb [INF] Checking for conditional GET/HEAD. (7e2efcb6)
2024-09-28T12:10:00.9100465+07:00 8000000a-0000-f900-b63f-84710c7967bb [INF] Not valid - no If-None-Match or If-Modified-Since headers. (00e43d04)
2024-09-28T12:10:00.9136229+07:00 8000000a-0000-f900-b63f-84710c7967bb [INF] Don't generate 304 - Not Modified.  Continue. (b6a7d473)
2024-09-28T12:10:00.9179722+07:00 8000000a-0000-f900-b63f-84710c7967bb [INF] Checking for conditional PUT/PATCH. (bf3cf9be)
2024-09-28T12:10:00.9259387+07:00 8000000a-0000-f900-b63f-84710c7967bb [INF] Not valid - method isn't PUT or PATCH. (671cb4f2)
2024-09-28T12:10:00.9292367+07:00 8000000a-0000-f900-b63f-84710c7967bb [INF] Don't generate 412 - Precondition Failed.  Continue. (08bc4a18)
2024-09-28T12:10:01.1204297+07:00 8000000a-0000-f900-b63f-84710c7967bb [INF] Generating expiration headers. (97875003)
2024-09-28T12:10:01.1240138+07:00 8000000a-0000-f900-b63f-84710c7967bb [INF] Expiration headers generated. Expires: Sat, 28 Sep 2024 05:10:01 GMT. Cache-Control: private,max-age=0,no-store,no-cache,must-revalidate. (a735fa6a)
2024-09-28T12:10:01.1272714+07:00 8000000a-0000-f900-b63f-84710c7967bb [INF] Generating Validation headers. (20c08f55)
2024-09-28T12:10:01.1313809+07:00 8000000a-0000-f900-b63f-84710c7967bb [INF] Validation headers generated. ETag: Strong, "491504911B9A3D380321E7192EB0BAD2". Last-Modified: Sat, 28 Sep 2024 05:10:01 GMT (396dbe2d)
2024-09-28T12:10:01.1354256+07:00 8000000a-0000-f900-b63f-84710c7967bb [INF] Generating Vary header. (c1174e38)
2024-09-28T12:10:01.1397248+07:00 8000000a-0000-f900-b63f-84710c7967bb [INF] Vary header generated: Accept, Accept-Language, Accept-Encoding. (e081213a)
2024-09-28T12:10:02.4338809+07:00 8000000d-0000-f900-b63f-84710c7967bb [INF] Checking for conditional GET/HEAD. (7e2efcb6)
2024-09-28T12:10:02.4430708+07:00 8000000d-0000-f900-b63f-84710c7967bb [INF] Not valid - no If-None-Match or If-Modified-Since headers. (00e43d04)
2024-09-28T12:10:02.4482015+07:00 8000000d-0000-f900-b63f-84710c7967bb [INF] Don't generate 304 - Not Modified.  Continue. (b6a7d473)
2024-09-28T12:10:02.4668150+07:00 8000000d-0000-f900-b63f-84710c7967bb [INF] Checking for conditional PUT/PATCH. (bf3cf9be)
2024-09-28T12:10:02.4755489+07:00 8000000d-0000-f900-b63f-84710c7967bb [INF] Not valid - method isn't PUT or PATCH. (671cb4f2)
2024-09-28T12:10:02.4823315+07:00 8000000d-0000-f900-b63f-84710c7967bb [INF] Don't generate 412 - Precondition Failed.  Continue. (08bc4a18)
2024-09-28T12:10:03.8204507+07:00 8000000d-0000-f900-b63f-84710c7967bb [INF] Generating expiration headers. (97875003)
2024-09-28T12:10:03.8250115+07:00 8000000d-0000-f900-b63f-84710c7967bb [INF] Expiration headers generated. Expires: Sat, 28 Sep 2024 05:10:03 GMT. Cache-Control: private,max-age=0,no-store,no-cache,must-revalidate. (bfaa4468)
2024-09-28T12:10:03.8284937+07:00 8000000d-0000-f900-b63f-84710c7967bb [INF] Generating Validation headers. (20c08f55)
2024-09-28T12:10:03.8320994+07:00 8000000d-0000-f900-b63f-84710c7967bb [INF] Validation headers generated. ETag: Strong, "721E4626E117D2E767E2EF1E9566E8CF". Last-Modified: Sat, 28 Sep 2024 05:10:03 GMT (9a13c29e)
2024-09-28T12:10:03.8372508+07:00 8000000d-0000-f900-b63f-84710c7967bb [INF] Generating Vary header. (c1174e38)
2024-09-28T12:10:03.8403832+07:00 8000000d-0000-f900-b63f-84710c7967bb [INF] Vary header generated: Accept, Accept-Language, Accept-Encoding. (e081213a)
2024-09-28T12:10:05.2130763+07:00 8000000d-0000-fe00-b63f-84710c7967bb [INF] Checking for conditional GET/HEAD. (7e2efcb6)
2024-09-28T12:10:05.2248382+07:00 8000000d-0000-fe00-b63f-84710c7967bb [INF] Not valid - no If-None-Match or If-Modified-Since headers. (00e43d04)
2024-09-28T12:10:05.2282691+07:00 8000000d-0000-fe00-b63f-84710c7967bb [INF] Don't generate 304 - Not Modified.  Continue. (b6a7d473)
2024-09-28T12:10:05.2317671+07:00 8000000d-0000-fe00-b63f-84710c7967bb [INF] Checking for conditional PUT/PATCH. (bf3cf9be)
2024-09-28T12:10:05.2349042+07:00 8000000d-0000-fe00-b63f-84710c7967bb [INF] Not valid - method isn't PUT or PATCH. (671cb4f2)
2024-09-28T12:10:05.2427405+07:00 8000000d-0000-fe00-b63f-84710c7967bb [INF] Don't generate 412 - Precondition Failed.  Continue. (08bc4a18)
2024-09-28T12:10:06.0441269+07:00 8000000d-0000-fe00-b63f-84710c7967bb [INF] Generating expiration headers. (97875003)
2024-09-28T12:10:06.0486386+07:00 8000000d-0000-fe00-b63f-84710c7967bb [INF] Expiration headers generated. Expires: Sat, 28 Sep 2024 05:10:06 GMT. Cache-Control: private,max-age=0,no-store,no-cache,must-revalidate. (26c758dd)
2024-09-28T12:10:06.0563810+07:00 8000000d-0000-fe00-b63f-84710c7967bb [INF] Generating Validation headers. (20c08f55)
2024-09-28T12:10:06.0607939+07:00 8000000d-0000-fe00-b63f-84710c7967bb [INF] Validation headers generated. ETag: Strong, "CC9D9F841A22A52069732C90F347EBE4". Last-Modified: Sat, 28 Sep 2024 05:10:06 GMT (601779ea)
2024-09-28T12:10:06.0648863+07:00 8000000d-0000-fe00-b63f-84710c7967bb [INF] Generating Vary header. (c1174e38)
2024-09-28T12:10:06.0726066+07:00 8000000d-0000-fe00-b63f-84710c7967bb [INF] Vary header generated: Accept, Accept-Language, Accept-Encoding. (e081213a)
2024-09-28T12:10:57.7256586+07:00 80000007-0001-f200-b63f-84710c7967bb [INF] Checking for conditional GET/HEAD. (7e2efcb6)
2024-09-28T12:10:57.7301709+07:00 80000007-0001-f200-b63f-84710c7967bb [INF] Not valid - method isn't GET or HEAD. (0be1d475)
2024-09-28T12:10:57.7326730+07:00 80000007-0001-f200-b63f-84710c7967bb [INF] Don't generate 304 - Not Modified.  Continue. (b6a7d473)
2024-09-28T12:10:57.7352184+07:00 80000007-0001-f200-b63f-84710c7967bb [INF] Checking for conditional PUT/PATCH. (bf3cf9be)
2024-09-28T12:10:57.7377484+07:00 80000007-0001-f200-b63f-84710c7967bb [INF] Not valid - method isn't PUT or PATCH. (671cb4f2)
2024-09-28T12:10:57.7402934+07:00 80000007-0001-f200-b63f-84710c7967bb [INF] Don't generate 412 - Precondition Failed.  Continue. (08bc4a18)
2024-09-28T12:10:57.8258441+07:00 80000007-0001-f200-b63f-84710c7967bb [DBG] INSERT INTO `so_item` (`ITEM_NAME`, `QUANTITY`, `PRICE`) VALUES ('Kulkas', 3, 2500000);SELECT last_insert_id() as `Id` (dd8aba56)
2024-09-28T12:10:57.9023694+07:00 80000007-0001-f200-b63f-84710c7967bb [INF] Generating expiration headers. (97875003)
2024-09-28T12:10:57.9055474+07:00 80000007-0001-f200-b63f-84710c7967bb [INF] Expiration headers generated. Expires: Sat, 28 Sep 2024 05:10:57 GMT. Cache-Control: private,max-age=0,no-store,no-cache,must-revalidate. (8a06341c)
2024-09-28T12:10:57.9083070+07:00 80000007-0001-f200-b63f-84710c7967bb [INF] Not generating Validation headers as the response status code does not indicate success. (2130aaa7)
2024-09-28T12:10:57.9115233+07:00 80000007-0001-f200-b63f-84710c7967bb [INF] Generating Vary header. (c1174e38)
2024-09-28T12:10:57.9143414+07:00 80000007-0001-f200-b63f-84710c7967bb [INF] Vary header generated: Accept, Accept-Language, Accept-Encoding. (e081213a)
2024-09-28T12:10:57.9256141+07:00 80000008-0001-f200-b63f-84710c7967bb [INF] Checking for conditional GET/HEAD. (7e2efcb6)
2024-09-28T12:10:57.9300307+07:00 80000008-0001-f200-b63f-84710c7967bb [INF] Not valid - no If-None-Match or If-Modified-Since headers. (00e43d04)
2024-09-28T12:10:57.9330419+07:00 80000008-0001-f200-b63f-84710c7967bb [INF] Don't generate 304 - Not Modified.  Continue. (b6a7d473)
2024-09-28T12:10:57.9359761+07:00 80000008-0001-f200-b63f-84710c7967bb [INF] Checking for conditional PUT/PATCH. (bf3cf9be)
2024-09-28T12:10:57.9392568+07:00 80000008-0001-f200-b63f-84710c7967bb [INF] Not valid - method isn't PUT or PATCH. (671cb4f2)
2024-09-28T12:10:57.9423678+07:00 80000008-0001-f200-b63f-84710c7967bb [INF] Don't generate 412 - Precondition Failed.  Continue. (08bc4a18)
2024-09-28T12:10:58.0810595+07:00 80000008-0001-f200-b63f-84710c7967bb [INF] Generating expiration headers. (97875003)
2024-09-28T12:10:58.0835478+07:00 80000008-0001-f200-b63f-84710c7967bb [INF] Expiration headers generated. Expires: Sat, 28 Sep 2024 05:10:58 GMT. Cache-Control: private,max-age=0,no-store,no-cache,must-revalidate. (f813b6fa)
2024-09-28T12:10:58.0859039+07:00 80000008-0001-f200-b63f-84710c7967bb [INF] Generating Validation headers. (20c08f55)
2024-09-28T12:10:58.0891334+07:00 80000008-0001-f200-b63f-84710c7967bb [INF] Validation headers generated. ETag: Strong, "D232A77EA3A9BEEB1676A5D7AF05805E". Last-Modified: Sat, 28 Sep 2024 05:10:58 GMT (0cfae035)
2024-09-28T12:10:58.0917998+07:00 80000008-0001-f200-b63f-84710c7967bb [INF] Generating Vary header. (c1174e38)
2024-09-28T12:10:58.0947384+07:00 80000008-0001-f200-b63f-84710c7967bb [INF] Vary header generated: Accept, Accept-Language, Accept-Encoding. (e081213a)
2024-09-28T12:11:05.7030571+07:00 8000000a-0002-ff00-b63f-84710c7967bb [INF] Checking for conditional GET/HEAD. (7e2efcb6)
2024-09-28T12:11:05.7669074+07:00 8000000a-0002-ff00-b63f-84710c7967bb [INF] Not valid - no If-None-Match or If-Modified-Since headers. (00e43d04)
2024-09-28T12:11:05.7942915+07:00 8000000a-0002-ff00-b63f-84710c7967bb [INF] Don't generate 304 - Not Modified.  Continue. (b6a7d473)
2024-09-28T12:11:05.8035683+07:00 8000000a-0002-ff00-b63f-84710c7967bb [INF] Checking for conditional PUT/PATCH. (bf3cf9be)
2024-09-28T12:11:05.8316192+07:00 8000000a-0002-ff00-b63f-84710c7967bb [INF] Not valid - method isn't PUT or PATCH. (671cb4f2)
2024-09-28T12:11:05.9030115+07:00 8000000a-0002-ff00-b63f-84710c7967bb [INF] Don't generate 412 - Precondition Failed.  Continue. (08bc4a18)
2024-09-28T12:11:08.7651796+07:00 8000000a-0002-ff00-b63f-84710c7967bb [INF] Generating expiration headers. (97875003)
2024-09-28T12:11:08.7694090+07:00 8000000a-0002-ff00-b63f-84710c7967bb [INF] Expiration headers generated. Expires: Sat, 28 Sep 2024 05:11:08 GMT. Cache-Control: private,max-age=0,no-store,no-cache,must-revalidate. (e9f47684)
2024-09-28T12:11:08.7740035+07:00 8000000a-0002-ff00-b63f-84710c7967bb [INF] Generating Validation headers. (20c08f55)
2024-09-28T12:11:08.7809164+07:00 8000000a-0002-ff00-b63f-84710c7967bb [INF] Validation headers generated. ETag: Strong, "E071E2978C08B2DA12600AF4504E696C". Last-Modified: Sat, 28 Sep 2024 05:11:08 GMT (20a7ad07)
2024-09-28T12:11:08.7851888+07:00 8000000a-0002-ff00-b63f-84710c7967bb [INF] Generating Vary header. (c1174e38)
2024-09-28T12:11:08.7893846+07:00 8000000a-0002-ff00-b63f-84710c7967bb [INF] Vary header generated: Accept, Accept-Language, Accept-Encoding. (e081213a)
2024-09-28T12:11:10.0174943+07:00 80000006-0002-fe00-b63f-84710c7967bb [INF] Checking for conditional GET/HEAD. (7e2efcb6)
2024-09-28T12:11:10.0721516+07:00 80000006-0002-fe00-b63f-84710c7967bb [INF] Not valid - no If-None-Match or If-Modified-Since headers. (00e43d04)
2024-09-28T12:11:10.0802256+07:00 80000006-0002-fe00-b63f-84710c7967bb [INF] Don't generate 304 - Not Modified.  Continue. (b6a7d473)
2024-09-28T12:11:10.0846503+07:00 80000006-0002-fe00-b63f-84710c7967bb [INF] Checking for conditional PUT/PATCH. (bf3cf9be)
2024-09-28T12:11:10.0926333+07:00 80000006-0002-fe00-b63f-84710c7967bb [INF] Not valid - method isn't PUT or PATCH. (671cb4f2)
2024-09-28T12:11:10.0974290+07:00 80000006-0002-fe00-b63f-84710c7967bb [INF] Don't generate 412 - Precondition Failed.  Continue. (08bc4a18)
2024-09-28T12:11:12.0300467+07:00 80000006-0002-fe00-b63f-84710c7967bb [INF] Generating expiration headers. (97875003)
2024-09-28T12:11:12.0370764+07:00 80000006-0002-fe00-b63f-84710c7967bb [INF] Expiration headers generated. Expires: Sat, 28 Sep 2024 05:11:12 GMT. Cache-Control: private,max-age=0,no-store,no-cache,must-revalidate. (913d6516)
2024-09-28T12:11:12.0445907+07:00 80000006-0002-fe00-b63f-84710c7967bb [INF] Generating Validation headers. (20c08f55)
2024-09-28T12:11:12.0627422+07:00 80000006-0002-fe00-b63f-84710c7967bb [INF] Validation headers generated. ETag: Strong, "9D962083E016247150C9B24AADEE48E2". Last-Modified: Sat, 28 Sep 2024 05:11:12 GMT (54037517)
2024-09-28T12:11:12.0718387+07:00 80000006-0002-fe00-b63f-84710c7967bb [INF] Generating Vary header. (c1174e38)
2024-09-28T12:11:12.0773259+07:00 80000006-0002-fe00-b63f-84710c7967bb [INF] Vary header generated: Accept, Accept-Language, Accept-Encoding. (e081213a)
2024-09-28T12:11:27.8607485+07:00 80000011-0000-f900-b63f-84710c7967bb [INF] Checking for conditional GET/HEAD. (7e2efcb6)
2024-09-28T12:11:27.8639277+07:00 80000011-0000-f900-b63f-84710c7967bb [INF] Not valid - method isn't GET or HEAD. (0be1d475)
2024-09-28T12:11:27.8667598+07:00 80000011-0000-f900-b63f-84710c7967bb [INF] Don't generate 304 - Not Modified.  Continue. (b6a7d473)
2024-09-28T12:11:27.8699765+07:00 80000011-0000-f900-b63f-84710c7967bb [INF] Checking for conditional PUT/PATCH. (bf3cf9be)
2024-09-28T12:11:27.8758847+07:00 80000011-0000-f900-b63f-84710c7967bb [INF] Not valid - method isn't PUT or PATCH. (671cb4f2)
2024-09-28T12:11:27.8793135+07:00 80000011-0000-f900-b63f-84710c7967bb [INF] Don't generate 412 - Precondition Failed.  Continue. (08bc4a18)
2024-09-28T12:11:27.9615306+07:00 80000011-0000-f900-b63f-84710c7967bb [DBG] INSERT INTO `so_order` (`ORDER_NO`, `ORDER_DATE`, `COM_CUSTOMER_ID`, `ADDRESS`) VALUES ('SO_001', '2024-09-28', 1, 'Cibandawa');SELECT last_insert_id() as `Id` (56343886)
2024-09-28T12:11:28.0243117+07:00 80000011-0000-f900-b63f-84710c7967bb [INF] Generating expiration headers. (97875003)
2024-09-28T12:11:28.0272733+07:00 80000011-0000-f900-b63f-84710c7967bb [INF] Expiration headers generated. Expires: Sat, 28 Sep 2024 05:11:28 GMT. Cache-Control: private,max-age=0,no-store,no-cache,must-revalidate. (a08ef87c)
2024-09-28T12:11:28.0303609+07:00 80000011-0000-f900-b63f-84710c7967bb [INF] Not generating Validation headers as the response status code does not indicate success. (2130aaa7)
2024-09-28T12:11:28.0333570+07:00 80000011-0000-f900-b63f-84710c7967bb [INF] Generating Vary header. (c1174e38)
2024-09-28T12:11:28.0363561+07:00 80000011-0000-f900-b63f-84710c7967bb [INF] Vary header generated: Accept, Accept-Language, Accept-Encoding. (e081213a)
2024-09-28T12:11:28.0473390+07:00 80000012-0000-f900-b63f-84710c7967bb [INF] Checking for conditional GET/HEAD. (7e2efcb6)
2024-09-28T12:11:28.0507620+07:00 80000012-0000-f900-b63f-84710c7967bb [INF] Not valid - no If-None-Match or If-Modified-Since headers. (00e43d04)
2024-09-28T12:11:28.0536863+07:00 80000012-0000-f900-b63f-84710c7967bb [INF] Don't generate 304 - Not Modified.  Continue. (b6a7d473)
2024-09-28T12:11:28.0578354+07:00 80000012-0000-f900-b63f-84710c7967bb [INF] Checking for conditional PUT/PATCH. (bf3cf9be)
2024-09-28T12:11:28.0611886+07:00 80000012-0000-f900-b63f-84710c7967bb [INF] Not valid - method isn't PUT or PATCH. (671cb4f2)
2024-09-28T12:11:28.0646542+07:00 80000012-0000-f900-b63f-84710c7967bb [INF] Don't generate 412 - Precondition Failed.  Continue. (08bc4a18)
2024-09-28T12:11:28.1993710+07:00 80000012-0000-f900-b63f-84710c7967bb [INF] Generating expiration headers. (97875003)
2024-09-28T12:11:28.2038912+07:00 80000012-0000-f900-b63f-84710c7967bb [INF] Expiration headers generated. Expires: Sat, 28 Sep 2024 05:11:28 GMT. Cache-Control: private,max-age=0,no-store,no-cache,must-revalidate. (a08ef87c)
2024-09-28T12:11:28.2305435+07:00 80000012-0000-f900-b63f-84710c7967bb [INF] Generating Validation headers. (20c08f55)
2024-09-28T12:11:28.2390861+07:00 80000012-0000-f900-b63f-84710c7967bb [INF] Validation headers generated. ETag: Strong, "F440ED1BCCC43ACF9AAAB716A3804D6F". Last-Modified: Sat, 28 Sep 2024 05:11:28 GMT (644c2df5)
2024-09-28T12:11:28.2436381+07:00 80000012-0000-f900-b63f-84710c7967bb [INF] Generating Vary header. (c1174e38)
2024-09-28T12:11:28.2478701+07:00 80000012-0000-f900-b63f-84710c7967bb [INF] Vary header generated: Accept, Accept-Language, Accept-Encoding. (e081213a)
2024-09-28T12:11:30.9753025+07:00 80000018-0000-fe00-b63f-84710c7967bb [INF] Checking for conditional GET/HEAD. (7e2efcb6)
2024-09-28T12:11:30.9781548+07:00 80000018-0000-fe00-b63f-84710c7967bb [INF] Not valid - no If-None-Match or If-Modified-Since headers. (00e43d04)
2024-09-28T12:11:30.9809075+07:00 80000018-0000-fe00-b63f-84710c7967bb [INF] Don't generate 304 - Not Modified.  Continue. (b6a7d473)
2024-09-28T12:11:30.9836221+07:00 80000018-0000-fe00-b63f-84710c7967bb [INF] Checking for conditional PUT/PATCH. (bf3cf9be)
2024-09-28T12:11:30.9868825+07:00 80000018-0000-fe00-b63f-84710c7967bb [INF] Not valid - method isn't PUT or PATCH. (671cb4f2)
2024-09-28T12:11:30.9950645+07:00 80000018-0000-fe00-b63f-84710c7967bb [INF] Don't generate 412 - Precondition Failed.  Continue. (08bc4a18)
2024-09-28T12:11:31.0926439+07:00 80000018-0000-fe00-b63f-84710c7967bb [INF] Generating expiration headers. (97875003)
2024-09-28T12:11:31.0954756+07:00 80000018-0000-fe00-b63f-84710c7967bb [INF] Expiration headers generated. Expires: Sat, 28 Sep 2024 05:11:31 GMT. Cache-Control: private,max-age=0,no-store,no-cache,must-revalidate. (863141ff)
2024-09-28T12:11:31.0980522+07:00 80000018-0000-fe00-b63f-84710c7967bb [INF] Generating Validation headers. (20c08f55)
2024-09-28T12:11:31.1055884+07:00 80000018-0000-fe00-b63f-84710c7967bb [INF] Validation headers generated. ETag: Strong, "9361C3027087DD71E8314F67E4CF2A76". Last-Modified: Sat, 28 Sep 2024 05:11:31 GMT (04e46781)
2024-09-28T12:11:31.1086203+07:00 80000018-0000-fe00-b63f-84710c7967bb [INF] Generating Vary header. (c1174e38)
2024-09-28T12:11:31.1115766+07:00 80000018-0000-fe00-b63f-84710c7967bb [INF] Vary header generated: Accept, Accept-Language, Accept-Encoding. (e081213a)
2024-09-28T12:22:40.3144779+07:00 80000012-0002-ff00-b63f-84710c7967bb [INF] Checking for conditional GET/HEAD. (7e2efcb6)
2024-09-28T12:22:40.3173361+07:00 80000012-0002-ff00-b63f-84710c7967bb [INF] Not valid - no If-None-Match or If-Modified-Since headers. (00e43d04)
2024-09-28T12:22:40.3195396+07:00 80000012-0002-ff00-b63f-84710c7967bb [INF] Don't generate 304 - Not Modified.  Continue. (b6a7d473)
2024-09-28T12:22:40.3237642+07:00 80000012-0002-ff00-b63f-84710c7967bb [INF] Checking for conditional PUT/PATCH. (bf3cf9be)
2024-09-28T12:22:40.3286861+07:00 80000012-0002-ff00-b63f-84710c7967bb [INF] Not valid - method isn't PUT or PATCH. (671cb4f2)
2024-09-28T12:22:40.3313669+07:00 80000012-0002-ff00-b63f-84710c7967bb [INF] Don't generate 412 - Precondition Failed.  Continue. (08bc4a18)
2024-09-28T12:22:41.1382739+07:00 80000012-0002-ff00-b63f-84710c7967bb [INF] Generating expiration headers. (97875003)
2024-09-28T12:22:41.1411188+07:00 80000012-0002-ff00-b63f-84710c7967bb [INF] Expiration headers generated. Expires: Sat, 28 Sep 2024 05:22:41 GMT. Cache-Control: private,max-age=0,no-store,no-cache,must-revalidate. (a93ad450)
2024-09-28T12:22:41.1436788+07:00 80000012-0002-ff00-b63f-84710c7967bb [INF] Generating Validation headers. (20c08f55)
2024-09-28T12:22:41.1469637+07:00 80000012-0002-ff00-b63f-84710c7967bb [INF] Validation headers generated. ETag: Strong, "268A22C40E86582803BB01CD7423AB3F". Last-Modified: Sat, 28 Sep 2024 05:22:41 GMT (bae62ab2)
2024-09-28T12:22:41.1506404+07:00 80000012-0002-ff00-b63f-84710c7967bb [INF] Generating Vary header. (c1174e38)
2024-09-28T12:22:41.1529836+07:00 80000012-0002-ff00-b63f-84710c7967bb [INF] Vary header generated: Accept, Accept-Language, Accept-Encoding. (e081213a)
2024-09-28T12:22:44.7673740+07:00 80000015-0001-f600-b63f-84710c7967bb [INF] Checking for conditional GET/HEAD. (7e2efcb6)
2024-09-28T12:22:44.7719258+07:00 80000015-0001-f600-b63f-84710c7967bb [INF] Not valid - method isn't GET or HEAD. (0be1d475)
2024-09-28T12:22:44.7760100+07:00 80000015-0001-f600-b63f-84710c7967bb [INF] Don't generate 304 - Not Modified.  Continue. (b6a7d473)
2024-09-28T12:22:44.7786090+07:00 80000015-0001-f600-b63f-84710c7967bb [INF] Checking for conditional PUT/PATCH. (bf3cf9be)
2024-09-28T12:22:44.7812057+07:00 80000015-0001-f600-b63f-84710c7967bb [INF] Not valid - method isn't PUT or PATCH. (671cb4f2)
2024-09-28T12:22:44.7838420+07:00 80000015-0001-f600-b63f-84710c7967bb [INF] Don't generate 412 - Precondition Failed.  Continue. (08bc4a18)
2024-09-28T12:22:44.8762945+07:00 80000015-0001-f600-b63f-84710c7967bb [DBG] UPDATE `so_item` SET `SO_ORDER_ID` = 1, `ITEM_NAME` = 'Kulkas', `QUANTITY` = 3, `PRICE` = 2500000 WHERE `SO_ITEM_ID` = 1 AND `SO_ITEM_ID` = 1 (b02a4ff7)
2024-09-28T12:22:44.9518061+07:00 80000015-0001-f600-b63f-84710c7967bb [INF] Generating expiration headers. (97875003)
2024-09-28T12:22:44.9547995+07:00 80000015-0001-f600-b63f-84710c7967bb [INF] Expiration headers generated. Expires: Sat, 28 Sep 2024 05:22:44 GMT. Cache-Control: private,max-age=0,no-store,no-cache,must-revalidate. (af0a0699)
2024-09-28T12:22:44.9580218+07:00 80000015-0001-f600-b63f-84710c7967bb [INF] Not generating Validation headers as the response status code does not indicate success. (2130aaa7)
2024-09-28T12:22:44.9605834+07:00 80000015-0001-f600-b63f-84710c7967bb [INF] Generating Vary header. (c1174e38)
2024-09-28T12:22:44.9632126+07:00 80000015-0001-f600-b63f-84710c7967bb [INF] Vary header generated: Accept, Accept-Language, Accept-Encoding. (e081213a)
2024-09-28T12:22:44.9743688+07:00 80000016-0001-f600-b63f-84710c7967bb [INF] Checking for conditional GET/HEAD. (7e2efcb6)
2024-09-28T12:22:44.9770752+07:00 80000016-0001-f600-b63f-84710c7967bb [INF] Not valid - no If-None-Match or If-Modified-Since headers. (00e43d04)
2024-09-28T12:22:44.9800094+07:00 80000016-0001-f600-b63f-84710c7967bb [INF] Don't generate 304 - Not Modified.  Continue. (b6a7d473)
2024-09-28T12:22:44.9826109+07:00 80000016-0001-f600-b63f-84710c7967bb [INF] Checking for conditional PUT/PATCH. (bf3cf9be)
2024-09-28T12:22:44.9850462+07:00 80000016-0001-f600-b63f-84710c7967bb [INF] Not valid - method isn't PUT or PATCH. (671cb4f2)
2024-09-28T12:22:44.9879046+07:00 80000016-0001-f600-b63f-84710c7967bb [INF] Don't generate 412 - Precondition Failed.  Continue. (08bc4a18)
2024-09-28T12:22:45.0764468+07:00 80000016-0001-f600-b63f-84710c7967bb [INF] Generating expiration headers. (97875003)
2024-09-28T12:22:45.0790880+07:00 80000016-0001-f600-b63f-84710c7967bb [INF] Expiration headers generated. Expires: Sat, 28 Sep 2024 05:22:45 GMT. Cache-Control: private,max-age=0,no-store,no-cache,must-revalidate. (611f0a08)
2024-09-28T12:22:45.0816333+07:00 80000016-0001-f600-b63f-84710c7967bb [INF] Generating Validation headers. (20c08f55)
2024-09-28T12:22:45.0849345+07:00 80000016-0001-f600-b63f-84710c7967bb [INF] Validation headers generated. ETag: Strong, "EBBE2511DFFF1D61784798CE2F53502D". Last-Modified: Sat, 28 Sep 2024 05:22:45 GMT (ee53ee94)
2024-09-28T12:22:45.0893801+07:00 80000016-0001-f600-b63f-84710c7967bb [INF] Generating Vary header. (c1174e38)
2024-09-28T12:22:45.0930107+07:00 80000016-0001-f600-b63f-84710c7967bb [INF] Vary header generated: Accept, Accept-Language, Accept-Encoding. (e081213a)
2024-09-28T12:22:46.5490267+07:00 80000018-0001-f600-b63f-84710c7967bb [INF] Checking for conditional GET/HEAD. (7e2efcb6)
2024-09-28T12:22:46.5517766+07:00 80000018-0001-f600-b63f-84710c7967bb [INF] Not valid - no If-None-Match or If-Modified-Since headers. (00e43d04)
2024-09-28T12:22:46.5583966+07:00 80000018-0001-f600-b63f-84710c7967bb [INF] Don't generate 304 - Not Modified.  Continue. (b6a7d473)
2024-09-28T12:22:46.5615244+07:00 80000018-0001-f600-b63f-84710c7967bb [INF] Checking for conditional PUT/PATCH. (bf3cf9be)
2024-09-28T12:22:46.5643753+07:00 80000018-0001-f600-b63f-84710c7967bb [INF] Not valid - method isn't PUT or PATCH. (671cb4f2)
2024-09-28T12:22:46.5669815+07:00 80000018-0001-f600-b63f-84710c7967bb [INF] Don't generate 412 - Precondition Failed.  Continue. (08bc4a18)
2024-09-28T12:22:46.6843988+07:00 80000018-0001-f600-b63f-84710c7967bb [INF] Generating expiration headers. (97875003)
2024-09-28T12:22:46.6893878+07:00 80000018-0001-f600-b63f-84710c7967bb [INF] Expiration headers generated. Expires: Sat, 28 Sep 2024 05:22:46 GMT. Cache-Control: private,max-age=0,no-store,no-cache,must-revalidate. (fe855f15)
2024-09-28T12:22:46.6935729+07:00 80000018-0001-f600-b63f-84710c7967bb [INF] Generating Validation headers. (20c08f55)
2024-09-28T12:22:46.6970714+07:00 80000018-0001-f600-b63f-84710c7967bb [INF] Validation headers generated. ETag: Strong, "91F6C8CC8D515CCF1D8E86D9C480F003". Last-Modified: Sat, 28 Sep 2024 05:22:46 GMT (7c098209)
2024-09-28T12:22:46.7000909+07:00 80000018-0001-f600-b63f-84710c7967bb [INF] Generating Vary header. (c1174e38)
2024-09-28T12:22:46.7031090+07:00 80000018-0001-f600-b63f-84710c7967bb [INF] Vary header generated: Accept, Accept-Language, Accept-Encoding. (e081213a)
2024-09-28T12:22:48.5259209+07:00 8000000e-0001-f400-b63f-84710c7967bb [INF] Checking for conditional GET/HEAD. (7e2efcb6)
2024-09-28T12:22:48.5292989+07:00 8000000e-0001-f400-b63f-84710c7967bb [INF] Not valid - no If-None-Match or If-Modified-Since headers. (00e43d04)
2024-09-28T12:22:48.5321873+07:00 8000000e-0001-f400-b63f-84710c7967bb [INF] Don't generate 304 - Not Modified.  Continue. (b6a7d473)
2024-09-28T12:22:48.5351132+07:00 8000000e-0001-f400-b63f-84710c7967bb [INF] Checking for conditional PUT/PATCH. (bf3cf9be)
2024-09-28T12:22:48.5417363+07:00 8000000e-0001-f400-b63f-84710c7967bb [INF] Not valid - method isn't PUT or PATCH. (671cb4f2)
2024-09-28T12:22:48.5443501+07:00 8000000e-0001-f400-b63f-84710c7967bb [INF] Don't generate 412 - Precondition Failed.  Continue. (08bc4a18)
2024-09-28T12:22:48.6394835+07:00 8000000e-0001-f400-b63f-84710c7967bb [INF] Generating expiration headers. (97875003)
2024-09-28T12:22:48.6428564+07:00 8000000e-0001-f400-b63f-84710c7967bb [INF] Expiration headers generated. Expires: Sat, 28 Sep 2024 05:22:48 GMT. Cache-Control: private,max-age=0,no-store,no-cache,must-revalidate. (80b30ba0)
2024-09-28T12:22:48.6454775+07:00 8000000e-0001-f400-b63f-84710c7967bb [INF] Generating Validation headers. (20c08f55)
2024-09-28T12:22:48.6486616+07:00 8000000e-0001-f400-b63f-84710c7967bb [INF] Validation headers generated. ETag: Strong, "1E3785DE9A970C0AB8AD329974514C25". Last-Modified: Sat, 28 Sep 2024 05:22:48 GMT (f66ec055)
2024-09-28T12:22:48.6514799+07:00 8000000e-0001-f400-b63f-84710c7967bb [INF] Generating Vary header. (c1174e38)
2024-09-28T12:22:48.6564182+07:00 8000000e-0001-f400-b63f-84710c7967bb [INF] Vary header generated: Accept, Accept-Language, Accept-Encoding. (e081213a)
2024-09-28T12:22:49.9713377+07:00 80000010-0001-f400-b63f-84710c7967bb [INF] Checking for conditional GET/HEAD. (7e2efcb6)
2024-09-28T12:22:49.9753201+07:00 80000010-0001-f400-b63f-84710c7967bb [INF] Not valid - no If-None-Match or If-Modified-Since headers. (00e43d04)
2024-09-28T12:22:49.9781465+07:00 80000010-0001-f400-b63f-84710c7967bb [INF] Don't generate 304 - Not Modified.  Continue. (b6a7d473)
2024-09-28T12:22:49.9810551+07:00 80000010-0001-f400-b63f-84710c7967bb [INF] Checking for conditional PUT/PATCH. (bf3cf9be)
2024-09-28T12:22:49.9841353+07:00 80000010-0001-f400-b63f-84710c7967bb [INF] Not valid - method isn't PUT or PATCH. (671cb4f2)
2024-09-28T12:22:49.9890518+07:00 80000010-0001-f400-b63f-84710c7967bb [INF] Don't generate 412 - Precondition Failed.  Continue. (08bc4a18)
2024-09-28T12:22:50.0861966+07:00 80000010-0001-f400-b63f-84710c7967bb [INF] Generating expiration headers. (97875003)
2024-09-28T12:22:50.0913567+07:00 80000010-0001-f400-b63f-84710c7967bb [INF] Expiration headers generated. Expires: Sat, 28 Sep 2024 05:22:50 GMT. Cache-Control: private,max-age=0,no-store,no-cache,must-revalidate. (67a6e02c)
2024-09-28T12:22:50.0939324+07:00 80000010-0001-f400-b63f-84710c7967bb [INF] Generating Validation headers. (20c08f55)
2024-09-28T12:22:50.0969262+07:00 80000010-0001-f400-b63f-84710c7967bb [INF] Validation headers generated. ETag: Strong, "B813AEC865FC937979DBABF5FC912CA7". Last-Modified: Sat, 28 Sep 2024 05:22:50 GMT (87321b42)
2024-09-28T12:22:50.0994040+07:00 80000010-0001-f400-b63f-84710c7967bb [INF] Generating Vary header. (c1174e38)
2024-09-28T12:22:50.1020918+07:00 80000010-0001-f400-b63f-84710c7967bb [INF] Vary header generated: Accept, Accept-Language, Accept-Encoding. (e081213a)
2024-09-28T12:22:56.1509555+07:00 8000001c-0001-f600-b63f-84710c7967bb [INF] Checking for conditional GET/HEAD. (7e2efcb6)
2024-09-28T12:22:56.1612109+07:00 8000001c-0001-f600-b63f-84710c7967bb [INF] Not valid - no If-None-Match or If-Modified-Since headers. (00e43d04)
2024-09-28T12:22:56.1639014+07:00 8000001c-0001-f600-b63f-84710c7967bb [INF] Don't generate 304 - Not Modified.  Continue. (b6a7d473)
2024-09-28T12:22:56.1666512+07:00 8000001c-0001-f600-b63f-84710c7967bb [INF] Checking for conditional PUT/PATCH. (bf3cf9be)
2024-09-28T12:22:56.1713132+07:00 8000001c-0001-f600-b63f-84710c7967bb [INF] Not valid - method isn't PUT or PATCH. (671cb4f2)
2024-09-28T12:22:56.1745200+07:00 8000001c-0001-f600-b63f-84710c7967bb [INF] Don't generate 412 - Precondition Failed.  Continue. (08bc4a18)
2024-09-28T12:22:56.2817700+07:00 8000001c-0001-f600-b63f-84710c7967bb [INF] Generating expiration headers. (97875003)
2024-09-28T12:22:56.2851002+07:00 8000001c-0001-f600-b63f-84710c7967bb [INF] Expiration headers generated. Expires: Sat, 28 Sep 2024 05:22:56 GMT. Cache-Control: private,max-age=0,no-store,no-cache,must-revalidate. (0c8c205c)
2024-09-28T12:22:56.2909822+07:00 8000001c-0001-f600-b63f-84710c7967bb [INF] Generating Validation headers. (20c08f55)
2024-09-28T12:22:56.3013094+07:00 8000001c-0001-f600-b63f-84710c7967bb [INF] Validation headers generated. ETag: Strong, "C41929C5EF6621FEAFCABC75FA638060". Last-Modified: Sat, 28 Sep 2024 05:22:56 GMT (2ee0d1b5)
2024-09-28T12:22:56.3071691+07:00 8000001c-0001-f600-b63f-84710c7967bb [INF] Generating Vary header. (c1174e38)
2024-09-28T12:22:56.3097557+07:00 8000001c-0001-f600-b63f-84710c7967bb [INF] Vary header generated: Accept, Accept-Language, Accept-Encoding. (e081213a)
2024-09-28T12:22:56.6614230+07:00 8000001e-0001-f600-b63f-84710c7967bb [INF] Checking for conditional GET/HEAD. (7e2efcb6)
2024-09-28T12:22:56.6651562+07:00 8000001e-0001-f600-b63f-84710c7967bb [INF] Not valid - no If-None-Match or If-Modified-Since headers. (00e43d04)
2024-09-28T12:22:56.6677336+07:00 8000001e-0001-f600-b63f-84710c7967bb [INF] Don't generate 304 - Not Modified.  Continue. (b6a7d473)
2024-09-28T12:22:56.6716458+07:00 8000001e-0001-f600-b63f-84710c7967bb [INF] Checking for conditional PUT/PATCH. (bf3cf9be)
2024-09-28T12:22:56.6754831+07:00 8000001e-0001-f600-b63f-84710c7967bb [INF] Not valid - method isn't PUT or PATCH. (671cb4f2)
2024-09-28T12:22:56.6783082+07:00 8000001e-0001-f600-b63f-84710c7967bb [INF] Don't generate 412 - Precondition Failed.  Continue. (08bc4a18)
2024-09-28T12:22:56.7717287+07:00 8000001e-0001-f600-b63f-84710c7967bb [INF] Generating expiration headers. (97875003)
2024-09-28T12:22:56.7750682+07:00 8000001e-0001-f600-b63f-84710c7967bb [INF] Expiration headers generated. Expires: Sat, 28 Sep 2024 05:22:56 GMT. Cache-Control: private,max-age=0,no-store,no-cache,must-revalidate. (0c8c205c)
2024-09-28T12:22:56.7776299+07:00 8000001e-0001-f600-b63f-84710c7967bb [INF] Generating Validation headers. (20c08f55)
2024-09-28T12:22:56.7807064+07:00 8000001e-0001-f600-b63f-84710c7967bb [INF] Validation headers generated. ETag: Strong, "802C4F9FD54A395C255A64EC4F829F85". Last-Modified: Sat, 28 Sep 2024 05:22:56 GMT (695aeb0d)
2024-09-28T12:22:56.7839498+07:00 8000001e-0001-f600-b63f-84710c7967bb [INF] Generating Vary header. (c1174e38)
2024-09-28T12:22:56.7887325+07:00 8000001e-0001-f600-b63f-84710c7967bb [INF] Vary header generated: Accept, Accept-Language, Accept-Encoding. (e081213a)
2024-09-28T12:22:57.5523081+07:00 80000020-0001-f600-b63f-84710c7967bb [INF] Checking for conditional GET/HEAD. (7e2efcb6)
2024-09-28T12:22:57.5570672+07:00 80000020-0001-f600-b63f-84710c7967bb [INF] Not valid - no If-None-Match or If-Modified-Since headers. (00e43d04)
2024-09-28T12:22:57.5596311+07:00 80000020-0001-f600-b63f-84710c7967bb [INF] Don't generate 304 - Not Modified.  Continue. (b6a7d473)
2024-09-28T12:22:57.5624110+07:00 80000020-0001-f600-b63f-84710c7967bb [INF] Checking for conditional PUT/PATCH. (bf3cf9be)
2024-09-28T12:22:57.5649238+07:00 80000020-0001-f600-b63f-84710c7967bb [INF] Not valid - method isn't PUT or PATCH. (671cb4f2)
2024-09-28T12:22:57.5676026+07:00 80000020-0001-f600-b63f-84710c7967bb [INF] Don't generate 412 - Precondition Failed.  Continue. (08bc4a18)
2024-09-28T12:22:57.6657639+07:00 80000020-0001-f600-b63f-84710c7967bb [INF] Generating expiration headers. (97875003)
2024-09-28T12:22:57.6688768+07:00 80000020-0001-f600-b63f-84710c7967bb [INF] Expiration headers generated. Expires: Sat, 28 Sep 2024 05:22:57 GMT. Cache-Control: private,max-age=0,no-store,no-cache,must-revalidate. (6cc1723a)
2024-09-28T12:22:57.6726606+07:00 80000020-0001-f600-b63f-84710c7967bb [INF] Generating Validation headers. (20c08f55)
2024-09-28T12:22:57.6784338+07:00 80000020-0001-f600-b63f-84710c7967bb [INF] Validation headers generated. ETag: Strong, "15AD86392ABDB4F70420B9DE766BEB26". Last-Modified: Sat, 28 Sep 2024 05:22:57 GMT (0a5af965)
2024-09-28T12:22:57.6818153+07:00 80000020-0001-f600-b63f-84710c7967bb [INF] Generating Vary header. (c1174e38)
2024-09-28T12:22:57.6848661+07:00 80000020-0001-f600-b63f-84710c7967bb [INF] Vary header generated: Accept, Accept-Language, Accept-Encoding. (e081213a)
